<?xml version="1.0" encoding="UTF-8"?>
<testng-results ignored="0" total="1" passed="1" failed="0" skipped="0">
  <reporter-output>
  </reporter-output>
  <suite started-at="2022-09-15T02:14:09 BST" name="Tests.webPageTest" finished-at="2022-09-15T02:14:30 BST" duration-ms="20945">
    <groups>
    </groups>
    <test started-at="2022-09-15T02:14:09 BST" name="Command line test" finished-at="2022-09-15T02:14:30 BST" duration-ms="20945">
      <class name="Tests.webPageTest">
        <test-method is-config="true" signature="setUpMethod()[pri:0, instance:Tests.webPageTest@71248c21]" started-at="2022-09-15T02:14:09 BST" name="setUpMethod" finished-at="2022-09-15T02:14:12 BST" duration-ms="3346" status="PASS">
          <reporter-output>
          </reporter-output>
        </test-method> <!-- setUpMethod -->
        <test-method signature="test1()[pri:0, instance:Tests.webPageTest@71248c21]" started-at="2022-09-15T02:14:12 BST" name="test1" finished-at="2022-09-15T02:14:27 BST" duration-ms="14384" status="PASS">
          <reporter-output>
          </reporter-output>
        </test-method> <!-- test1 -->
        <test-method is-config="true" signature="tearDownMethod()[pri:0, instance:Tests.webPageTest@71248c21]" started-at="2022-09-15T02:14:27 BST" name="tearDownMethod" finished-at="2022-09-15T02:14:30 BST" duration-ms="3169" status="PASS">
          <reporter-output>
          </reporter-output>
        </test-method> <!-- tearDownMethod -->
      </class> <!-- Tests.webPageTest -->
    </test> <!-- Command line test -->
  </suite> <!-- Tests.webPageTest -->
</testng-results>
